<?xml version="1.0" encoding="UTF-8"?>
<testsuite xmlns:xsi="http://www.w3.org/2001/XMLSchema-instance" xsi:noNamespaceSchemaLocation="https://maven.apache.org/surefire/maven-surefire-plugin/xsd/surefire-test-report-3.0.xsd" version="3.0" name="TestSuite" time="79.317" tests="2" errors="0" skipped="0" failures="0">
  <properties>
[...]
</properties>
  <testcase name="RunTest" classname="Swag.swagLabs.Tc_001" time="32.049">
    <system-out><![CDATA[[main] INFO  SwagLabs  - URL is Opened
[main] INFO  SwagLabs  - Enter uname and Password
]]></system-out>
    <system-err><![CDATA[SLF4J: Failed to load class "org.slf4j.impl.StaticLoggerBinder".
SLF4J: Defaulting to no-operation (NOP) logger implementation
SLF4J: See http://www.slf4j.org/codes.html#StaticLoggerBinder for further details.
Feb 02, 2024 1:53:15 PM org.openqa.selenium.remote.service.DriverService$Builder getLogOutput
INFO: Driver logs no longer sent to console by default; https://www.selenium.dev/documentation/webdriver/drivers/service/#setting-log-output
ERROR StatusLogger Log4j2 could not find a logging implementation. Please add log4j-core to the classpath. Using SimpleLogger to log to the console...
Feb 02, 2024 1:53:19 PM org.openqa.selenium.devtools.CdpVersionFinder findNearestMatch
WARNING: Unable to find CDP implementation matching 121
Feb 02, 2024 1:53:19 PM org.openqa.selenium.chromium.ChromiumDriver lambda$new$4
WARNING: Unable to find version of CDP to use for . You may need to include a dependency on a specific version of the CDP using something similar to `org.seleniumhq.selenium:selenium-devtools-v86:4.10.0` where the version ("v86") matches the version of the chromium-based browser you're using and the version number of the artifact is the same as Selenium's.
]]></system-err>
  </testcase>
  <testcase name="RunTest" classname="Swag.swagLabs.Tc_001" time="33.36">
    <system-out><![CDATA[[main] DEBUG freemarker.cache  - Couldn't find template in cache for "spark/spark.spa.ftl"("en_IN", UTF-8, parsed); will try to load it.
[main] DEBUG freemarker.cache  - TemplateLoader.findTemplateSource("spark/spark.spa_en_IN.ftl"): Not found
[main] DEBUG freemarker.cache  - TemplateLoader.findTemplateSource("spark/spark.spa_en.ftl"): Not found
[main] DEBUG freemarker.cache  - TemplateLoader.findTemplateSource("spark/spark.spa.ftl"): Found
[main] DEBUG freemarker.cache  - Loading template for "spark/spark.spa.ftl"("en_IN", UTF-8, parsed) from "jar:file:/C:/Users/dell/.m2/repository/com/aventstack/extentreports/5.0.9/extentreports-5.0.9.jar!/com/aventstack/extentreports/templates/spark/spark.spa.ftl"
[main] DEBUG freemarker.cache  - Couldn't find template in cache for "commons/commons-variables.ftl"("en_IN", UTF-8, parsed); will try to load it.
[main] DEBUG freemarker.cache  - TemplateLoader.findTemplateSource("commons/commons-variables_en_IN.ftl"): Not found
[main] DEBUG freemarker.cache  - TemplateLoader.findTemplateSource("commons/commons-variables_en.ftl"): Not found
[main] DEBUG freemarker.cache  - TemplateLoader.findTemplateSource("commons/commons-variables.ftl"): Found
[main] DEBUG freemarker.cache  - Loading template for "commons/commons-variables.ftl"("en_IN", UTF-8, parsed) from "jar:file:/C:/Users/dell/.m2/repository/com/aventstack/extentreports/5.0.9/extentreports-5.0.9.jar!/com/aventstack/extentreports/templates/commons/commons-variables.ftl"
[main] DEBUG freemarker.cache  - Couldn't find template in cache for "commons/commons-macros.ftl"("en_IN", UTF-8, parsed); will try to load it.
[main] DEBUG freemarker.cache  - TemplateLoader.findTemplateSource("commons/commons-macros_en_IN.ftl"): Not found
[main] DEBUG freemarker.cache  - TemplateLoader.findTemplateSource("commons/commons-macros_en.ftl"): Not found
[main] DEBUG freemarker.cache  - TemplateLoader.findTemplateSource("commons/commons-macros.ftl"): Found
[main] DEBUG freemarker.cache  - Loading template for "commons/commons-macros.ftl"("en_IN", UTF-8, parsed) from "jar:file:/C:/Users/dell/.m2/repository/com/aventstack/extentreports/5.0.9/extentreports-5.0.9.jar!/com/aventstack/extentreports/templates/commons/commons-macros.ftl"
[main] DEBUG freemarker.cache  - Couldn't find template in cache for "spark/macros/attributes.ftl"("en_IN", UTF-8, parsed); will try to load it.
[main] DEBUG freemarker.cache  - TemplateLoader.findTemplateSource("spark/macros/attributes_en_IN.ftl"): Not found
[main] DEBUG freemarker.cache  - TemplateLoader.findTemplateSource("spark/macros/attributes_en.ftl"): Not found
[main] DEBUG freemarker.cache  - TemplateLoader.findTemplateSource("spark/macros/attributes.ftl"): Found
[main] DEBUG freemarker.cache  - Loading template for "spark/macros/attributes.ftl"("en_IN", UTF-8, parsed) from "jar:file:/C:/Users/dell/.m2/repository/com/aventstack/extentreports/5.0.9/extentreports-5.0.9.jar!/com/aventstack/extentreports/templates/spark/macros/attributes.ftl"
[main] DEBUG freemarker.cache  - Couldn't find template in cache for "spark/macros/log.ftl"("en_IN", UTF-8, parsed); will try to load it.
[main] DEBUG freemarker.cache  - TemplateLoader.findTemplateSource("spark/macros/log_en_IN.ftl"): Not found
[main] DEBUG freemarker.cache  - TemplateLoader.findTemplateSource("spark/macros/log_en.ftl"): Not found
[main] DEBUG freemarker.cache  - TemplateLoader.findTemplateSource("spark/macros/log.ftl"): Found
[main] DEBUG freemarker.cache  - Loading template for "spark/macros/log.ftl"("en_IN", UTF-8, parsed) from "jar:file:/C:/Users/dell/.m2/repository/com/aventstack/extentreports/5.0.9/extentreports-5.0.9.jar!/com/aventstack/extentreports/templates/spark/macros/log.ftl"
[main] DEBUG freemarker.cache  - Couldn't find template in cache for "spark/macros/recurse_nodes.ftl"("en_IN", UTF-8, parsed); will try to load it.
[main] DEBUG freemarker.cache  - TemplateLoader.findTemplateSource("spark/macros/recurse_nodes_en_IN.ftl"): Not found
[main] DEBUG freemarker.cache  - TemplateLoader.findTemplateSource("spark/macros/recurse_nodes_en.ftl"): Not found
[main] DEBUG freemarker.cache  - TemplateLoader.findTemplateSource("spark/macros/recurse_nodes.ftl"): Found
[main] DEBUG freemarker.cache  - Loading template for "spark/macros/recurse_nodes.ftl"("en_IN", UTF-8, parsed) from "jar:file:/C:/Users/dell/.m2/repository/com/aventstack/extentreports/5.0.9/extentreports-5.0.9.jar!/com/aventstack/extentreports/templates/spark/macros/recurse_nodes.ftl"
[main] DEBUG freemarker.cache  - "spark/macros/log.ftl"("en_IN", UTF-8, parsed) cached copy not yet stale; using cached.
[main] DEBUG freemarker.cache  - Couldn't find template in cache for "spark/macros/attr-common.ftl"("en_IN", UTF-8, parsed); will try to load it.
[main] DEBUG freemarker.cache  - TemplateLoader.findTemplateSource("spark/macros/attr-common_en_IN.ftl"): Not found
[main] DEBUG freemarker.cache  - TemplateLoader.findTemplateSource("spark/macros/attr-common_en.ftl"): Not found
[main] DEBUG freemarker.cache  - TemplateLoader.findTemplateSource("spark/macros/attr-common.ftl"): Found
[main] DEBUG freemarker.cache  - Loading template for "spark/macros/attr-common.ftl"("en_IN", UTF-8, parsed) from "jar:file:/C:/Users/dell/.m2/repository/com/aventstack/extentreports/5.0.9/extentreports-5.0.9.jar!/com/aventstack/extentreports/templates/spark/macros/attr-common.ftl"
[main] DEBUG freemarker.cache  - Couldn't find template in cache for "spark/partials/head.ftl"("en_IN", UTF-8, parsed); will try to load it.
[main] DEBUG freemarker.cache  - TemplateLoader.findTemplateSource("spark/partials/head_en_IN.ftl"): Not found
[main] DEBUG freemarker.cache  - TemplateLoader.findTemplateSource("spark/partials/head_en.ftl"): Not found
[main] DEBUG freemarker.cache  - TemplateLoader.findTemplateSource("spark/partials/head.ftl"): Found
[main] DEBUG freemarker.cache  - Loading template for "spark/partials/head.ftl"("en_IN", UTF-8, parsed) from "jar:file:/C:/Users/dell/.m2/repository/com/aventstack/extentreports/5.0.9/extentreports-5.0.9.jar!/com/aventstack/extentreports/templates/spark/partials/head.ftl"
[main] DEBUG freemarker.cache  - Couldn't find template in cache for "commons/commons-inject-css.ftl"("en_IN", UTF-8, parsed); will try to load it.
[main] DEBUG freemarker.cache  - TemplateLoader.findTemplateSource("commons/commons-inject-css_en_IN.ftl"): Not found
[main] DEBUG freemarker.cache  - TemplateLoader.findTemplateSource("commons/commons-inject-css_en.ftl"): Not found
[main] DEBUG freemarker.cache  - TemplateLoader.findTemplateSource("commons/commons-inject-css.ftl"): Found
[main] DEBUG freemarker.cache  - Loading template for "commons/commons-inject-css.ftl"("en_IN", UTF-8, parsed) from "jar:file:/C:/Users/dell/.m2/repository/com/aventstack/extentreports/5.0.9/extentreports-5.0.9.jar!/com/aventstack/extentreports/templates/commons/commons-inject-css.ftl"
[main] DEBUG freemarker.cache  - Couldn't find template in cache for "spark/partials/navbar.ftl"("en_IN", UTF-8, parsed); will try to load it.
[main] DEBUG freemarker.cache  - TemplateLoader.findTemplateSource("spark/partials/navbar_en_IN.ftl"): Not found
[main] DEBUG freemarker.cache  - TemplateLoader.findTemplateSource("spark/partials/navbar_en.ftl"): Not found
[main] DEBUG freemarker.cache  - TemplateLoader.findTemplateSource("spark/partials/navbar.ftl"): Found
[main] DEBUG freemarker.cache  - Loading template for "spark/partials/navbar.ftl"("en_IN", UTF-8, parsed) from "jar:file:/C:/Users/dell/.m2/repository/com/aventstack/extentreports/5.0.9/extentreports-5.0.9.jar!/com/aventstack/extentreports/templates/spark/partials/navbar.ftl"
[main] DEBUG freemarker.cache  - Couldn't find template in cache for "spark/partials/sidenav.ftl"("en_IN", UTF-8, parsed); will try to load it.
[main] DEBUG freemarker.cache  - TemplateLoader.findTemplateSource("spark/partials/sidenav_en_IN.ftl"): Not found
[main] DEBUG freemarker.cache  - TemplateLoader.findTemplateSource("spark/partials/sidenav_en.ftl"): Not found
[main] DEBUG freemarker.cache  - TemplateLoader.findTemplateSource("spark/partials/sidenav.ftl"): Found
[main] DEBUG freemarker.cache  - Loading template for "spark/partials/sidenav.ftl"("en_IN", UTF-8, parsed) from "jar:file:/C:/Users/dell/.m2/repository/com/aventstack/extentreports/5.0.9/extentreports-5.0.9.jar!/com/aventstack/extentreports/templates/spark/partials/sidenav.ftl"
[main] DEBUG freemarker.cache  - Couldn't find template in cache for "spark/partials/test.ftl"("en_IN", UTF-8, parsed); will try to load it.
[main] DEBUG freemarker.cache  - TemplateLoader.findTemplateSource("spark/partials/test_en_IN.ftl"): Not found
[main] DEBUG freemarker.cache  - TemplateLoader.findTemplateSource("spark/partials/test_en.ftl"): Not found
[main] DEBUG freemarker.cache  - TemplateLoader.findTemplateSource("spark/partials/test.ftl"): Found
[main] DEBUG freemarker.cache  - Loading template for "spark/partials/test.ftl"("en_IN", UTF-8, parsed) from "jar:file:/C:/Users/dell/.m2/repository/com/aventstack/extentreports/5.0.9/extentreports-5.0.9.jar!/com/aventstack/extentreports/templates/spark/partials/test.ftl"
[main] DEBUG freemarker.cache  - Couldn't find template in cache for "spark/partials/standard-content.ftl"("en_IN", UTF-8, parsed); will try to load it.
[main] DEBUG freemarker.cache  - TemplateLoader.findTemplateSource("spark/partials/standard-content_en_IN.ftl"): Not found
[main] DEBUG freemarker.cache  - TemplateLoader.findTemplateSource("spark/partials/standard-content_en.ftl"): Not found
[main] DEBUG freemarker.cache  - TemplateLoader.findTemplateSource("spark/partials/standard-content.ftl"): Found
[main] DEBUG freemarker.cache  - Loading template for "spark/partials/standard-content.ftl"("en_IN", UTF-8, parsed) from "jar:file:/C:/Users/dell/.m2/repository/com/aventstack/extentreports/5.0.9/extentreports-5.0.9.jar!/com/aventstack/extentreports/templates/spark/partials/standard-content.ftl"
[main] DEBUG freemarker.cache  - Couldn't find template in cache for "spark/partials/exception.ftl"("en_IN", UTF-8, parsed); will try to load it.
[main] DEBUG freemarker.cache  - TemplateLoader.findTemplateSource("spark/partials/exception_en_IN.ftl"): Not found
[main] DEBUG freemarker.cache  - TemplateLoader.findTemplateSource("spark/partials/exception_en.ftl"): Not found
[main] DEBUG freemarker.cache  - TemplateLoader.findTemplateSource("spark/partials/exception.ftl"): Found
[main] DEBUG freemarker.cache  - Loading template for "spark/partials/exception.ftl"("en_IN", UTF-8, parsed) from "jar:file:/C:/Users/dell/.m2/repository/com/aventstack/extentreports/5.0.9/extentreports-5.0.9.jar!/com/aventstack/extentreports/templates/spark/partials/exception.ftl"
[main] DEBUG freemarker.cache  - Couldn't find template in cache for "spark/partials/category.ftl"("en_IN", UTF-8, parsed); will try to load it.
[main] DEBUG freemarker.cache  - TemplateLoader.findTemplateSource("spark/partials/category_en_IN.ftl"): Not found
[main] DEBUG freemarker.cache  - TemplateLoader.findTemplateSource("spark/partials/category_en.ftl"): Not found
[main] DEBUG freemarker.cache  - TemplateLoader.findTemplateSource("spark/partials/category.ftl"): Found
[main] DEBUG freemarker.cache  - Loading template for "spark/partials/category.ftl"("en_IN", UTF-8, parsed) from "jar:file:/C:/Users/dell/.m2/repository/com/aventstack/extentreports/5.0.9/extentreports-5.0.9.jar!/com/aventstack/extentreports/templates/spark/partials/category.ftl"
[main] DEBUG freemarker.cache  - Couldn't find template in cache for "spark/partials/device.ftl"("en_IN", UTF-8, parsed); will try to load it.
[main] DEBUG freemarker.cache  - TemplateLoader.findTemplateSource("spark/partials/device_en_IN.ftl"): Not found
[main] DEBUG freemarker.cache  - TemplateLoader.findTemplateSource("spark/partials/device_en.ftl"): Not found
[main] DEBUG freemarker.cache  - TemplateLoader.findTemplateSource("spark/partials/device.ftl"): Found
[main] DEBUG freemarker.cache  - Loading template for "spark/partials/device.ftl"("en_IN", UTF-8, parsed) from "jar:file:/C:/Users/dell/.m2/repository/com/aventstack/extentreports/5.0.9/extentreports-5.0.9.jar!/com/aventstack/extentreports/templates/spark/partials/device.ftl"
[main] DEBUG freemarker.cache  - Couldn't find template in cache for "spark/partials/author.ftl"("en_IN", UTF-8, parsed); will try to load it.
[main] DEBUG freemarker.cache  - TemplateLoader.findTemplateSource("spark/partials/author_en_IN.ftl"): Not found
[main] DEBUG freemarker.cache  - TemplateLoader.findTemplateSource("spark/partials/author_en.ftl"): Not found
[main] DEBUG freemarker.cache  - TemplateLoader.findTemplateSource("spark/partials/author.ftl"): Found
[main] DEBUG freemarker.cache  - Loading template for "spark/partials/author.ftl"("en_IN", UTF-8, parsed) from "jar:file:/C:/Users/dell/.m2/repository/com/aventstack/extentreports/5.0.9/extentreports-5.0.9.jar!/com/aventstack/extentreports/templates/spark/partials/author.ftl"
[main] DEBUG freemarker.cache  - Couldn't find template in cache for "spark/partials/log.ftl"("en_IN", UTF-8, parsed); will try to load it.
[main] DEBUG freemarker.cache  - TemplateLoader.findTemplateSource("spark/partials/log_en_IN.ftl"): Not found
[main] DEBUG freemarker.cache  - TemplateLoader.findTemplateSource("spark/partials/log_en.ftl"): Not found
[main] DEBUG freemarker.cache  - TemplateLoader.findTemplateSource("spark/partials/log.ftl"): Found
[main] DEBUG freemarker.cache  - Loading template for "spark/partials/log.ftl"("en_IN", UTF-8, parsed) from "jar:file:/C:/Users/dell/.m2/repository/com/aventstack/extentreports/5.0.9/extentreports-5.0.9.jar!/com/aventstack/extentreports/templates/spark/partials/log.ftl"
[main] DEBUG freemarker.cache  - Couldn't find template in cache for "spark/partials/dashboard.ftl"("en_IN", UTF-8, parsed); will try to load it.
[main] DEBUG freemarker.cache  - TemplateLoader.findTemplateSource("spark/partials/dashboard_en_IN.ftl"): Not found
[main] DEBUG freemarker.cache  - TemplateLoader.findTemplateSource("spark/partials/dashboard_en.ftl"): Not found
[main] DEBUG freemarker.cache  - TemplateLoader.findTemplateSource("spark/partials/dashboard.ftl"): Found
[main] DEBUG freemarker.cache  - Loading template for "spark/partials/dashboard.ftl"("en_IN", UTF-8, parsed) from "jar:file:/C:/Users/dell/.m2/repository/com/aventstack/extentreports/5.0.9/extentreports-5.0.9.jar!/com/aventstack/extentreports/templates/spark/partials/dashboard.ftl"
[main] DEBUG freemarker.cache  - Couldn't find template in cache for "spark/partials/scripts.ftl"("en_IN", UTF-8, parsed); will try to load it.
[main] DEBUG freemarker.cache  - TemplateLoader.findTemplateSource("spark/partials/scripts_en_IN.ftl"): Not found
[main] DEBUG freemarker.cache  - TemplateLoader.findTemplateSource("spark/partials/scripts_en.ftl"): Not found
[main] DEBUG freemarker.cache  - TemplateLoader.findTemplateSource("spark/partials/scripts.ftl"): Found
[main] DEBUG freemarker.cache  - Loading template for "spark/partials/scripts.ftl"("en_IN", UTF-8, parsed) from "jar:file:/C:/Users/dell/.m2/repository/com/aventstack/extentreports/5.0.9/extentreports-5.0.9.jar!/com/aventstack/extentreports/templates/spark/partials/scripts.ftl"
[main] DEBUG freemarker.cache  - Couldn't find template in cache for "commons/commons-inject-js.ftl"("en_IN", UTF-8, parsed); will try to load it.
[main] DEBUG freemarker.cache  - TemplateLoader.findTemplateSource("commons/commons-inject-js_en_IN.ftl"): Not found
[main] DEBUG freemarker.cache  - TemplateLoader.findTemplateSource("commons/commons-inject-js_en.ftl"): Not found
[main] DEBUG freemarker.cache  - TemplateLoader.findTemplateSource("commons/commons-inject-js.ftl"): Found
[main] DEBUG freemarker.cache  - Loading template for "commons/commons-inject-js.ftl"("en_IN", UTF-8, parsed) from "jar:file:/C:/Users/dell/.m2/repository/com/aventstack/extentreports/5.0.9/extentreports-5.0.9.jar!/com/aventstack/extentreports/templates/commons/commons-inject-js.ftl"
[main] INFO  SwagLabs  - URL is Opened
[main] INFO  SwagLabs  - Enter uname and Password
]]></system-out>
    <system-err><![CDATA[Feb 02, 2024 1:53:53 PM org.openqa.selenium.remote.http.WebSocket$Listener onError
WARNING: Connection reset
java.net.SocketException: Connection reset
	at java.base/sun.nio.ch.SocketChannelImpl.throwConnectionReset(SocketChannelImpl.java:394)
	at java.base/sun.nio.ch.SocketChannelImpl.read(SocketChannelImpl.java:426)
	at io.netty.buffer.PooledByteBuf.setBytes(PooledByteBuf.java:256)
	at io.netty.buffer.AbstractByteBuf.writeBytes(AbstractByteBuf.java:1132)
	at io.netty.channel.socket.nio.NioSocketChannel.doReadBytes(NioSocketChannel.java:357)
	at io.netty.channel.nio.AbstractNioByteChannel$NioByteUnsafe.read(AbstractNioByteChannel.java:151)
	at io.netty.channel.nio.NioEventLoop.processSelectedKey(NioEventLoop.java:788)
	at io.netty.channel.nio.NioEventLoop.processSelectedKeysOptimized(NioEventLoop.java:724)
	at io.netty.channel.nio.NioEventLoop.processSelectedKeys(NioEventLoop.java:650)
	at io.netty.channel.nio.NioEventLoop.run(NioEventLoop.java:562)
	at io.netty.util.concurrent.SingleThreadEventExecutor$4.run(SingleThreadEventExecutor.java:997)
	at io.netty.util.internal.ThreadExecutorMap$2.run(ThreadExecutorMap.java:74)
	at io.netty.util.concurrent.FastThreadLocalRunnable.run(FastThreadLocalRunnable.java:30)
	at java.base/java.lang.Thread.run(Thread.java:833)

Feb 02, 2024 1:53:54 PM org.openqa.selenium.remote.service.DriverService$Builder getLogOutput
INFO: Driver logs no longer sent to console by default; https://www.selenium.dev/documentation/webdriver/drivers/service/#setting-log-output
]]></system-err>
  </testcase>
</testsuite>